<?xml version="1.0" encoding="utf-8"?><testsuites><testsuite errors="0" failures="0" hostname="Lima-VirtualBox" name="pytest" skipped="0" tests="5" time="603.179" timestamp="2020-05-04T01:44:50.144248"><testcase classname="test_submit" file="test_submit.py" line="3" name="test_q1" time="0.016"></testcase><testcase classname="test_submit" file="test_submit.py" line="9" name="test_q2" time="0.006"></testcase><testcase classname="test_submit" file="test_submit.py" line="15" name="test_q3" time="0.004"></testcase><testcase classname="test_submit" file="test_submit.py" line="21" name="test_q4" time="0.024"></testcase><testcase classname="test_submit" file="test_submit.py" line="27" name="test_q5" time="0.016"></testcase></testsuite></testsuites>